Sender: LSF System <lsfadmin@lc02c18>
Subject: Job 94696832: <sh /hpc/users/humphj04/bin/snakejob -s Snakefile -c config.yaml -a acc_als-omics -m Null > in cluster <chimera> Exited

Job <sh /hpc/users/humphj04/bin/snakejob -s Snakefile -c config.yaml -a acc_als-omics -m Null > was submitted from host <li03c03> by user <humphj04> in cluster <chimera> at Wed Jul 26 11:47:05 2023
Job was executed on host(s) <lc02c18>, in queue <premium>, as user <humphj04> in cluster <chimera> at Wed Jul 26 11:47:25 2023
</hpc/users/humphj04> was used as the home directory.
</hpc/users/humphj04/pipelines/RNA-pipelines/tiebrush> was used as the working directory.
Started at Wed Jul 26 11:47:25 2023
Terminated at Wed Jul 26 11:47:30 2023
Results reported at Wed Jul 26 11:47:30 2023

Your job looked like:

------------------------------------------------------------
# LSBATCH: User input
sh /hpc/users/humphj04/bin/snakejob -s Snakefile -c config.yaml -a acc_als-omics -m Null 
------------------------------------------------------------

Exited with exit code 1.

Resource usage summary:

    CPU time :                                   2.15 sec.
    Max Memory :                                 5 MB
    Average Memory :                             3.75 MB
    Total Requested Memory :                     12000.00 MB
    Delta Memory :                               11995.00 MB
    Max Swap :                                   -
    Max Processes :                              5
    Max Threads :                                6
    Run time :                                   5 sec.
    Turnaround time :                            25 sec.

The output (if any) follows:

6.9.1
config used is config.yaml
snakefile used is Snakefile
mode selected: Null
bsub -K -J tiebrush:{rule}:{wildcards} -P acc_als-omics {cluster.himem} -q {cluster.queue} -n {cluster.cores} -R "span[hosts=1] select[mem>{cluster.mem}] rusage[mem={cluster.mem}]" -W {cluster.time} -oo cluster/{rule}_{wildcards}_Null.stdout -eo cluster/{rule}_{wildcards}_Null.stderr <


PS:

Read file <cluster/snakejob_HPC_Null.stderr> for stderr output of this job.

