Sender: LSF System <lsfadmin@lc04a22>
Subject: Job 752579: <collate_samples:genes_pca:> in cluster <chimera> Exited

Job <collate_samples:genes_pca:> was submitted from host <li03c03> by user <humphj04> in cluster <chimera>.
Job was executed on host(s) <lc04a22>, in queue <premium>, as user <humphj04> in cluster <chimera>.
</hpc/users/humphj04> was used as the home directory.
</sc/orga/projects/als-omics/NYGC_ALS/pipelines/collate_samples> was used as the working directory.
Started at Results reported on 
Your job looked like:

------------------------------------------------------------
# LSBATCH: User input
#!/bin/sh
# properties = {"type": "single", "rule": "genes_pca", "local": false, "input": ["/sc/orga/projects/als-omics/RAPiD/gene_matrix.RData", "/sc/orga/projects/als-omics/NYGC_ALS/tables/rna_support.tsv"], "output": ["/sc/orga/projects/als-omics/NYGC_ALS/data/genes_pca.RData"], "wildcards": {}, "params": {"script": "/sc/orga/projects/als-omics/NYGC_ALS/scripts/genes_pca.R"}, "log": [], "threads": 1, "resources": {}, "jobid": 2, "cluster": {"queue": "premium", "cores": 1, "mem": 7750, "time": 60, "name": "$(basename $(pwd)):genes_pca:", "output": "logs/genes_pca:.stdout", "error": "logs/genes_pca:.stderr"}}
cd /sc/orga/projects/als-omics/NYGC_ALS/pipelines/collate_samples && \
/sc/orga/work/humphj04/conda/envs/isoseq-pipeline/bin/python3.6 \
-m snakemake /sc/orga/projects/als-omics/NYGC_ALS/data/genes_pca.RData --snakefile /sc/orga/projects/als-omics/NYGC_ALS/pipelines/collate_samples/Snakefile \
--force -j --keep-target-files --keep-remote \
--wait-for-files /sc/orga/projects/als-omics/NYGC_ALS/pipelines/collate_samples/.snakemake/tmp.nmpkxzer /sc/orga/projects/als-omics/RAPiD/gene_matrix.RData /sc/orga/projects/als-omics/NYGC_ALS/tables/rna_support.tsv --latency-wait 5 \
 --attempt 1 --force-use-threads \
--wrapper-prefix https://bitbucket.org/snakemake/snakemake-wrappers/raw/ \
   --allowed-rules genes_pca --nocolor --notemp --no-hooks --nolock \
--mode 2 


------------------------------------------------------------

TERM_OWNER: job killed by owner.
Exited with signal termination: 2.

Resource usage summary:

    CPU time :                                   0.17 sec.
    Max Memory :                                 4 MB
    Average Memory :                             3.25 MB
    Total Requested Memory :                     7750.00 MB
    Delta Memory :                               7746.00 MB
    Max Swap :                                   -
    Max Processes :                              5
    Max Threads :                                6
    Run time :                                   71 sec.
    Turnaround time :                            81 sec.

The output (if any) follows:



PS:

Read file <cluster/genes_pca:.stderr> for stderr output of this job.

