/usr/bin/lua: /usr/share/lmod/lmod/libexec/DirTree.lua:104: interrupted!
stack traceback:
	[C]: in function 'open'
	/usr/share/lmod/lmod/libexec/DirTree.lua:104: in function 'checkValidModulefile'
	/usr/share/lmod/lmod/libexec/DirTree.lua:215: in function 'walk'
	/usr/share/lmod/lmod/libexec/DirTree.lua:234: in function 'walk_tree'
	/usr/share/lmod/lmod/libexec/DirTree.lua:245: in function 'walk_tree'
	/usr/share/lmod/lmod/libexec/DirTree.lua:264: in function 'build'
	/usr/share/lmod/lmod/libexec/DirTree.lua:275: in function 'new'
	/usr/share/lmod/lmod/libexec/ModuleA.lua:605: in function '__new'
	/usr/share/lmod/lmod/libexec/ModuleA.lua:675: in function 'singleton'
	/usr/share/lmod/lmod/libexec/MName.lua:166: in function 'lazyEval'
	/usr/share/lmod/lmod/libexec/MName.lua:241: in function 'sn'
	/usr/share/lmod/lmod/libexec/Master.lua:296: in function 'load'
	/usr/share/lmod/lmod/libexec/MasterControl.lua:979: in function 'load'
	/usr/share/lmod/lmod/libexec/MasterControl.lua:955: in function 'load_usr'
	/usr/share/lmod/lmod/libexec/cmdfuncs.lua:454: in function 'cmd'
	/usr/share/lmod/lmod/libexec/lmod:497: in function 'main'
	/usr/share/lmod/lmod/libexec/lmod:554: in main chunk
	[C]: ?
