Sender: LSF System <lsfadmin@lc02a05>
Subject: Job 7839309: <collate_samples:getMatrices:> in cluster <chimera> Done

Job <collate_samples:getMatrices:> was submitted from host <li03c03> by user <humphj04> in cluster <chimera> at Thu Oct 24 19:14:15 2019
Job was executed on host(s) <lc02a05>, in queue <premium>, as user <humphj04> in cluster <chimera> at Thu Oct 24 19:14:18 2019
</hpc/users/humphj04> was used as the home directory.
</sc/orga/projects/als-omics/NYGC_ALS/pipelines/collate_samples> was used as the working directory.
Started at Thu Oct 24 19:14:18 2019
Terminated at Thu Oct 24 19:39:59 2019
Results reported at Thu Oct 24 19:39:59 2019

Your job looked like:

------------------------------------------------------------
# LSBATCH: User input
#!/bin/sh
# properties = {"type": "single", "rule": "getMatrices", "local": false, "input": [], "output": ["/sc/orga/projects/als-omics/NYGC_ALS/data/oct_2019_gene_matrix.RData", "/sc/orga/projects/als-omics/NYGC_ALS/data/oct_2019_tx_matrix.RData"], "wildcards": {}, "params": {"out": "/sc/orga/projects/als-omics/NYGC_ALS/data/oct_2019_", "script": "/sc/orga/projects/als-omics/NYGC_ALS/pipelines/collate_samples/scripts/collate_tables.R"}, "log": [], "threads": 1, "resources": {}, "jobid": 1, "cluster": {"queue": "premium", "cores": 1, "mem": 32000, "time": "180", "name": "$(basename $(pwd)):getMatrices:", "output": "logs/getMatrices:.stdout", "error": "logs/getMatrices:.stderr"}}
cd /sc/orga/projects/als-omics/NYGC_ALS/pipelines/collate_samples && \
/sc/orga/work/humphj04/conda/envs/leafcutter-pipeline/bin/python3.6 \
-m snakemake /sc/orga/projects/als-omics/NYGC_ALS/data/oct_2019_gene_matrix.RData --snakefile /sc/orga/projects/als-omics/NYGC_ALS/pipelines/collate_samples/Snakefile \
--force -j --keep-target-files --keep-remote \
--wait-for-files /sc/orga/projects/als-omics/NYGC_ALS/pipelines/collate_samples/.snakemake/tmp.y0gbuw_a --latency-wait 5 \
 --attempt 1 --force-use-threads \
--wrapper-prefix https://bitbucket.org/snakemake/snakemake-wrappers/raw/ \
   --allowed-rules getMatrices --nocolor --notemp --no-hooks --nolock \
--mode 2 


------------------------------------------------------------

Successfully completed.

Resource usage summary:

    CPU time :                                   1336.17 sec.
    Max Memory :                                 17655 MB
    Average Memory :                             9969.63 MB
    Total Requested Memory :                     32000.00 MB
    Delta Memory :                               14345.00 MB
    Max Swap :                                   17592186044415 MB
    Max Processes :                              7
    Max Threads :                                9
    Run time :                                   1540 sec.
    Turnaround time :                            1544 sec.

The output (if any) follows:



PS:

Read file <cluster/getMatrices:.stderr> for stderr output of this job.

