Sender: LSF System <lsfadmin@lc02c11>
Subject: Job 7839308: <collate_samples:multiQC:> in cluster <chimera> Exited

Job <collate_samples:multiQC:> was submitted from host <li03c03> by user <humphj04> in cluster <chimera> at Thu Oct 24 19:14:15 2019
Job was executed on host(s) <lc02c11>, in queue <premium>, as user <humphj04> in cluster <chimera> at Thu Oct 24 19:14:18 2019
</hpc/users/humphj04> was used as the home directory.
</sc/orga/projects/als-omics/NYGC_ALS/pipelines/collate_samples> was used as the working directory.
Started at Thu Oct 24 19:14:18 2019
Terminated at Thu Oct 24 21:00:31 2019
Results reported at Thu Oct 24 21:00:31 2019

Your job looked like:

------------------------------------------------------------
# LSBATCH: User input
#!/bin/sh
# properties = {"type": "single", "rule": "multiQC", "local": false, "input": [], "output": ["/sc/orga/projects/als-omics/NYGC_ALS/data/oct_2019_multiqc_report.html"], "wildcards": {}, "params": {"out": "/sc/orga/projects/als-omics/NYGC_ALS/data/oct_2019_"}, "log": [], "threads": 1, "resources": {}, "jobid": 2, "cluster": {"queue": "premium", "cores": 1, "mem": 32000, "time": "180", "name": "$(basename $(pwd)):multiQC:", "output": "logs/multiQC:.stdout", "error": "logs/multiQC:.stderr"}}
cd /sc/orga/projects/als-omics/NYGC_ALS/pipelines/collate_samples && \
/sc/orga/work/humphj04/conda/envs/leafcutter-pipeline/bin/python3.6 \
-m snakemake /sc/orga/projects/als-omics/NYGC_ALS/data/oct_2019_multiqc_report.html --snakefile /sc/orga/projects/als-omics/NYGC_ALS/pipelines/collate_samples/Snakefile \
--force -j --keep-target-files --keep-remote \
--wait-for-files /sc/orga/projects/als-omics/NYGC_ALS/pipelines/collate_samples/.snakemake/tmp.y0gbuw_a --latency-wait 5 \
 --attempt 1 --force-use-threads \
--wrapper-prefix https://bitbucket.org/snakemake/snakemake-wrappers/raw/ \
   --allowed-rules multiQC --nocolor --notemp --no-hooks --nolock \
--mode 2 


------------------------------------------------------------

Exited with exit code 1.

Resource usage summary:

    CPU time :                                   5998.64 sec.
    Max Memory :                                 9981 MB
    Average Memory :                             311.24 MB
    Total Requested Memory :                     32000.00 MB
    Delta Memory :                               22019.00 MB
    Max Swap :                                   17592186044415 MB
    Max Processes :                              6
    Max Threads :                                8
    Run time :                                   6373 sec.
    Turnaround time :                            6376 sec.

The output (if any) follows:



PS:

Read file <cluster/multiQC:.stderr> for stderr output of this job.

