Sender: LSF System <lsfadmin@lc01e26>
Subject: Job 753980: <collate_samples:normalise_genes:> in cluster <chimera> Done

Job <collate_samples:normalise_genes:> was submitted from host <li03c03> by user <humphj04> in cluster <chimera>.
Job was executed on host(s) <lc01e26>, in queue <premium>, as user <humphj04> in cluster <chimera>.
</hpc/users/humphj04> was used as the home directory.
</sc/orga/projects/als-omics/NYGC_ALS/pipelines/collate_samples> was used as the working directory.
Started at Results reported on 
Your job looked like:

------------------------------------------------------------
# LSBATCH: User input
#!/bin/sh
# properties = {"type": "single", "rule": "normalise_genes", "local": false, "input": ["/sc/orga/projects/als-omics/NYGC_ALS/data/gene_matrix.RData"], "output": ["/sc/orga/projects/als-omics/NYGC_ALS/data/genes_counts_voom.RData", "/sc/orga/projects/als-omics/NYGC_ALS/data/genes_counts_deseq.RData"], "wildcards": {}, "params": {"out": "/sc/orga/projects/als-omics/NYGC_ALS/data/", "script": "/sc/orga/projects/als-omics/NYGC_ALS/scripts/normalise_genes.R"}, "log": [], "threads": 1, "resources": {}, "jobid": 2, "cluster": {"queue": "premium", "cores": 1, "mem": 15700, "time": "120", "name": "$(basename $(pwd)):normalise_genes:", "output": "logs/normalise_genes:.stdout", "error": "logs/normalise_genes:.stderr"}}
cd /sc/orga/projects/als-omics/NYGC_ALS/pipelines/collate_samples && \
/sc/orga/work/humphj04/conda/envs/isoseq-pipeline/bin/python3.6 \
-m snakemake /sc/orga/projects/als-omics/NYGC_ALS/data/genes_counts_deseq.RData --snakefile /sc/orga/projects/als-omics/NYGC_ALS/pipelines/collate_samples/Snakefile \
--force -j --keep-target-files --keep-remote \
--wait-for-files /sc/orga/projects/als-omics/NYGC_ALS/pipelines/collate_samples/.snakemake/tmp.0rlj39uc /sc/orga/projects/als-omics/NYGC_ALS/data/gene_matrix.RData --latency-wait 5 \
 --attempt 1 --force-use-threads \
--wrapper-prefix https://bitbucket.org/snakemake/snakemake-wrappers/raw/ \
   --allowed-rules normalise_genes --nocolor --notemp --no-hooks --nolock \
--mode 2 


------------------------------------------------------------

Successfully completed.

Resource usage summary:

    CPU time :                                   3010.57 sec.
    Max Memory :                                 5921 MB
    Average Memory :                             4713.26 MB
    Total Requested Memory :                     15700.00 MB
    Delta Memory :                               9779.00 MB
    Max Swap :                                   -
    Max Processes :                              7
    Max Threads :                                9
    Run time :                                   2709 sec.
    Turnaround time :                            2717 sec.

The output (if any) follows:



PS:

Read file <cluster/normalise_genes:.stderr> for stderr output of this job.

