Building DAG of jobs...
Using shell: /usr/bin/bash
Provided cluster nodes: 100
Job counts:
	count	jobs
	1	all
	1	createDegradationMatrix
	2

[Mon Oct 28 14:37:28 2019]
rule createDegradationMatrix:
    input: input/test.bam, input/test.bam.bai
    output: output/test.degradation_matrix.tsv
    jobid: 1
    wildcards: samples=test

Waiting at most 5 seconds for missing files.
MissingOutputException in line 19 of /hpc/users/humphj04/pipelines/qSVA-pipeline/Snakefile:
Missing files after 5 seconds:
output/test.degradation_matrix.tsv
This might be due to filesystem latency. If that is the case, consider to increase the wait time with --latency-wait.
Shutting down, this might take some time.
Exiting because a job execution failed. Look above for error message
Complete log: /hpc/users/humphj04/pipelines/qSVA-pipeline/.snakemake/log/2019-10-28T143724.555826.snakemake.log
