Building DAG of jobs...
Using shell: /usr/bin/bash
Provided cluster nodes: 100
Job counts:
	count	jobs
	1	all
	1	getMatrices
	1	normalise_genes
	3

[Mon Oct 21 12:07:53 2019]
rule getMatrices:
    output: /sc/orga/projects/als-omics/NYGC_ALS/data/oct_2019_gene_matrix.RData, /sc/orga/projects/als-omics/NYGC_ALS/data/oct_2019_tx_matrix.RData
    jobid: 1

[Mon Oct 21 12:08:03 2019]
Error in rule getMatrices:
    jobid: 1
    output: /sc/orga/projects/als-omics/NYGC_ALS/data/oct_2019_gene_matrix.RData, /sc/orga/projects/als-omics/NYGC_ALS/data/oct_2019_tx_matrix.RData

ClusterJobException in line 28 of /sc/orga/projects/als-omics/NYGC_ALS/pipelines/collate_samples/Snakefile:
Error executing rule getMatrices on cluster (jobid: 1, external: 117372, jobscript: /sc/orga/projects/als-omics/NYGC_ALS/pipelines/collate_samples/.snakemake/tmp.9ygaaw4a/snakejob.getMatrices.1.sh). For detailed error see the cluster log.
Shutting down, this might take some time.
Terminating processes on user request, this might take some time.
Will exit after finishing currently running jobs.
Cancelling snakemake on user request.
