Building DAG of jobs...
Using shell: /usr/bin/bash
Provided cores: 1
Rules claiming more threads will be scaled down.
Job counts:
	count	jobs
	1	all
	1	multiQC
	1	normalise_genes
	3

[Thu Jun 27 12:37:15 2019]
rule normalise_genes:
    input: /sc/orga/projects/als-omics/NYGC_ALS/data/gene_matrix.RData
    output: /sc/orga/projects/als-omics/NYGC_ALS/data/genes_counts_voom.RData, /sc/orga/projects/als-omics/NYGC_ALS/data/genes_counts_deseq.RData
    jobid: 3
    reason: Missing output files: /sc/orga/projects/als-omics/NYGC_ALS/data/genes_counts_deseq.RData, /sc/orga/projects/als-omics/NYGC_ALS/data/genes_counts_voom.RData

ml R/3.6.0;Rscript /sc/orga/projects/als-omics/NYGC_ALS/scripts/normalise_genes.R /sc/orga/projects/als-omics/NYGC_ALS/data/gene_matrix.RData /sc/orga/projects/als-omics/NYGC_ALS/data/
[Thu Jun 27 12:37:29 2019]
Error in rule normalise_genes:
    jobid: 3
    output: /sc/orga/projects/als-omics/NYGC_ALS/data/genes_counts_voom.RData, /sc/orga/projects/als-omics/NYGC_ALS/data/genes_counts_deseq.RData
    shell:
        ml R/3.6.0;Rscript /sc/orga/projects/als-omics/NYGC_ALS/scripts/normalise_genes.R /sc/orga/projects/als-omics/NYGC_ALS/data/gene_matrix.RData /sc/orga/projects/als-omics/NYGC_ALS/data/

Removing output files of failed job normalise_genes since they might be corrupted:
/sc/orga/projects/als-omics/NYGC_ALS/data/genes_counts_voom.RData
Shutting down, this might take some time.
Exiting because a job execution failed. Look above for error message
Complete log: /sc/orga/projects/als-omics/NYGC_ALS/pipelines/collate_samples/.snakemake/log/2019-06-27T123715.207617.snakemake.log
