Building DAG of jobs...
Using shell: /usr/bin/bash
Provided cores: 1
Rules claiming more threads will be scaled down.
Job counts:
	count	jobs
	1	all
	1	multiQC
	2

[Thu Jun 27 11:18:24 2019]
rule multiQC:
    output: /sc/orga/projects/als-omics/RAPiD/multiqc/multiqc_report.html
    jobid: 2
    reason: Missing output files: /sc/orga/projects/als-omics/RAPiD/multiqc/multiqc_report.html

export LC_ALL=en_US.UTF-8; export LANG=en_US.UTF-8;/sc/orga/work/humphj04/conda/envs/isoseq-pipeline/bin/multiqc -f --outdir /sc/orga/projects/als-omics/RAPiD/multiqc/ /sc/orga/projects/als-omics/RAPiD/
[Thu Jun 27 13:03:34 2019]
Finished job 2.
1 of 2 steps (50%) done

[Thu Jun 27 13:03:34 2019]
localrule all:
    input: /sc/orga/projects/als-omics/RAPiD/gene_matrix.RData, /sc/orga/projects/als-omics/RAPiD/tx_matrix.RData, /sc/orga/projects/als-omics/RAPiD/multiqc/multiqc_report.html
    jobid: 0
    reason: Input files updated by another job: /sc/orga/projects/als-omics/RAPiD/multiqc/multiqc_report.html

[Thu Jun 27 13:03:34 2019]
Finished job 0.
2 of 2 steps (100%) done
Complete log: /sc/orga/projects/als-omics/NYGC_ALS/pipelines/collate_samples/.snakemake/log/2019-06-27T111824.596708.snakemake.log
