Building DAG of jobs...
Using shell: /usr/bin/bash
Provided cores: 1
Rules claiming more threads will be scaled down.
Job counts:
	count	jobs
	1	all
	1	multiQC
	1	normalise_genes
	3

[Thu Jun 27 12:47:07 2019]
rule normalise_genes:
    input: /sc/orga/projects/als-omics/NYGC_ALS/data/gene_matrix.RData
    output: /sc/orga/projects/als-omics/NYGC_ALS/data/genes_counts_voom.RData, /sc/orga/projects/als-omics/NYGC_ALS/data/genes_counts_deseq.RData
    jobid: 3
    reason: Missing output files: /sc/orga/projects/als-omics/NYGC_ALS/data/genes_counts_voom.RData, /sc/orga/projects/als-omics/NYGC_ALS/data/genes_counts_deseq.RData

ml R/3.6.0;Rscript /sc/orga/projects/als-omics/NYGC_ALS/scripts/normalise_genes.R /sc/orga/projects/als-omics/NYGC_ALS/data/gene_matrix.RData /sc/orga/projects/als-omics/NYGC_ALS/data/
Terminating processes on user request, this might take some time.
[Thu Jun 27 12:47:07 2019]
Error in rule normalise_genes:
    jobid: 3
    output: /sc/orga/projects/als-omics/NYGC_ALS/data/genes_counts_voom.RData, /sc/orga/projects/als-omics/NYGC_ALS/data/genes_counts_deseq.RData
    shell:
        ml R/3.6.0;Rscript /sc/orga/projects/als-omics/NYGC_ALS/scripts/normalise_genes.R /sc/orga/projects/als-omics/NYGC_ALS/data/gene_matrix.RData /sc/orga/projects/als-omics/NYGC_ALS/data/

Complete log: /sc/orga/projects/als-omics/NYGC_ALS/pipelines/collate_samples/.snakemake/log/2019-06-27T124707.067939.snakemake.log
