Building DAG of jobs...
Using shell: /usr/bin/bash
Provided cores: 1
Rules claiming more threads will be scaled down.
Job counts:
	count	jobs
	1	all
	1	getMatrices
	1	multiQC
	1	normalise_genes
	4

[Thu Jun 27 12:41:29 2019]
rule getMatrices:
    output: /sc/orga/projects/als-omics/NYGC_ALS/data/gene_matrix.RData, /sc/orga/projects/als-omics/NYGC_ALS/data/tx_matrix.RData
    jobid: 1
    reason: Missing output files: /sc/orga/projects/als-omics/NYGC_ALS/data/gene_matrix.RData, /sc/orga/projects/als-omics/NYGC_ALS/data/tx_matrix.RData

ml R/3.6.0;cd /sc/orga/projects/als-omics/NYGC_ALS/pipelines/collate_samples/test;Rscript /sc/orga/projects/als-omics/NYGC_ALS/scripts/collate_tables.R /sc/orga/projects/als-omics/NYGC_ALS/data/
[Thu Jun 27 12:41:42 2019]
Finished job 1.
1 of 4 steps (25%) done

[Thu Jun 27 12:41:42 2019]
rule normalise_genes:
    input: /sc/orga/projects/als-omics/NYGC_ALS/data/gene_matrix.RData
    output: /sc/orga/projects/als-omics/NYGC_ALS/data/genes_counts_voom.RData, /sc/orga/projects/als-omics/NYGC_ALS/data/genes_counts_deseq.RData
    jobid: 3
    reason: Missing output files: /sc/orga/projects/als-omics/NYGC_ALS/data/genes_counts_voom.RData, /sc/orga/projects/als-omics/NYGC_ALS/data/genes_counts_deseq.RData; Input files updated by another job: /sc/orga/projects/als-omics/NYGC_ALS/data/gene_matrix.RData

ml R/3.6.0;Rscript /sc/orga/projects/als-omics/NYGC_ALS/scripts/normalise_genes.R /sc/orga/projects/als-omics/NYGC_ALS/data/gene_matrix.RData /sc/orga/projects/als-omics/NYGC_ALS/data/
[Thu Jun 27 12:42:03 2019]
Finished job 3.
2 of 4 steps (50%) done

[Thu Jun 27 12:42:03 2019]
rule multiQC:
    output: /sc/orga/projects/als-omics/NYGC_ALS/data/multiqc_report.html
    jobid: 2
    reason: Missing output files: /sc/orga/projects/als-omics/NYGC_ALS/data/multiqc_report.html

export LC_ALL=en_US.UTF-8; export LANG=en_US.UTF-8;/sc/orga/work/humphj04/conda/envs/isoseq-pipeline/bin/multiqc -f --outdir /sc/orga/projects/als-omics/NYGC_ALS/data/ /sc/orga/projects/als-omics/NYGC_ALS/pipelines/collate_samples/test
Waiting at most 5 seconds for missing files.
MissingOutputException in line 34 of /sc/orga/projects/als-omics/NYGC_ALS/pipelines/collate_samples/Snakefile:
Missing files after 5 seconds:
/sc/orga/projects/als-omics/NYGC_ALS/data/multiqc_report.html
This might be due to filesystem latency. If that is the case, consider to increase the wait time with --latency-wait.
Shutting down, this might take some time.
Exiting because a job execution failed. Look above for error message
Complete log: /sc/orga/projects/als-omics/NYGC_ALS/pipelines/collate_samples/.snakemake/log/2019-06-27T124129.912890.snakemake.log
