Building DAG of jobs...
Using shell: /usr/bin/bash
Provided cores: 1
Rules claiming more threads will be scaled down.
Job counts:
	count	jobs
	1	all
	1	copyConfig
	1	differential_report
	1	rsem_limma
	4

[Thu May 30 11:56:55 2019]
rule rsem_limma:
    input: /sc/orga/projects/als-omics/TDP-43_knockdown_data/Hammell/RAPiD-nf-0.3.0/tdp_1/Processed/RAPiD/rsem/tdp_1.genes.results, /sc/orga/projects/als-omics/TDP-43_knockdown_data/Hammell/RAPiD-nf-0.3.0/control_shRNA1_1/Processed/RAPiD/rsem/control_shRNA1_1.genes.results, /sc/orga/projects/als-omics/TDP-43_knockdown_data/Hammell/RAPiD-nf-0.3.0/tdp_2/Processed/RAPiD/rsem/tdp_2.genes.results, /sc/orga/projects/als-omics/TDP-43_knockdown_data/Hammell/RAPiD-nf-0.3.0/control_shRNA2_1/Processed/RAPiD/rsem/control_shRNA2_1.genes.results, /sc/orga/projects/als-omics/TDP-43_knockdown_data/Hammell/RAPiD-nf-0.3.0/control_shRNA1_2/Processed/RAPiD/rsem/control_shRNA1_2.genes.results, /sc/orga/projects/als-omics/TDP-43_knockdown_data/Hammell/RAPiD-nf-0.3.0/control_shRNA2_2/Processed/RAPiD/rsem/control_shRNA2_2.genes.results
    output: results/limma_rsem/hammell_tdp_results.RData
    jobid: 2

[Thu May 30 11:56:59 2019]
Error in rule rsem_limma:
    jobid: 2
    output: results/limma_rsem/hammell_tdp_results.RData
    shell:
        ml R/3.6.0;Rscript ../scripts/rsem_limma.R  --metadata samples.tsv  --outFolder results/limma_rsem/  --dataCode hammell_tdp  --refCondition control  --altCondition tdp  /sc/orga/projects/als-omics/TDP-43_knockdown_data/Hammell/RAPiD-nf-0.3.0/tdp_1/Processed/RAPiD/rsem/tdp_1.genes.results /sc/orga/projects/als-omics/TDP-43_knockdown_data/Hammell/RAPiD-nf-0.3.0/control_shRNA1_1/Processed/RAPiD/rsem/control_shRNA1_1.genes.results /sc/orga/projects/als-omics/TDP-43_knockdown_data/Hammell/RAPiD-nf-0.3.0/tdp_2/Processed/RAPiD/rsem/tdp_2.genes.results /sc/orga/projects/als-omics/TDP-43_knockdown_data/Hammell/RAPiD-nf-0.3.0/control_shRNA2_1/Processed/RAPiD/rsem/control_shRNA2_1.genes.results /sc/orga/projects/als-omics/TDP-43_knockdown_data/Hammell/RAPiD-nf-0.3.0/control_shRNA1_2/Processed/RAPiD/rsem/control_shRNA1_2.genes.results /sc/orga/projects/als-omics/TDP-43_knockdown_data/Hammell/RAPiD-nf-0.3.0/control_shRNA2_2/Processed/RAPiD/rsem/control_shRNA2_2.genes.results 

Shutting down, this might take some time.
Exiting because a job execution failed. Look above for error message
Complete log: /hpc/users/humphj04/pipelines/differential-pipeline/example/.snakemake/log/2019-05-30T115648.290671.snakemake.log
